Vercel CLI 50.19.1
Retrieving project…
Deploying deepaks-projects-5cd15ffe/demo-front-back
Uploading [--------------------] (0.0B/20.8KB)
Uploading [===============-----] (16.0KB/20.8KB)
Uploading [=================---] (17.8KB/20.8KB)
Uploading [====================] (20.8KB/20.8KB)
Inspect: https://vercel.com/deepaks-projects-5cd15ffe/demo-front-back/2zhhAN4nYENwyaacfznQBBcZCuuu [3s]
Production: https://demo-front-back-ase7yodap-deepaks-projects-5cd15ffe.vercel.app [3s]
https://demo-front-back-ase7yodap-deepaks-projects-5cd15ffe.vercel.appBuilding...
Building...
Building: Running build in Portland, USA (West) – pdx1
Building: Build machine configuration: 2 cores, 8 GB
Building: Retrieving list of deployment files...
Building: Downloading 100 deployment files...
Building: Restored build cache from previous deployment (G2pE4oLTiLhSwXuXE74DXsuz4kL6)
Building: Running "vercel build"
Building: Vercel CLI 50.18.2
Building: Installing dependencies...
Building: up to date in 1s
Building: 151 packages are looking for funding
Building: run `npm fund` for details
Building: Detected Next.js version: 16.1.6
Building: Running "npm run build"
Building: > demo-front-back@0.1.0 build
Building: > next build
Building: ▲ Next.js 16.1.6 (Turbopack)
Building: - Environments: .env
Building: Creating an optimized production build ...
Building: ✓ Compiled successfully in 13.4s
Building: Running TypeScript ...
Building: Collecting page data using 1 worker ...
Building: Generating static pages using 1 worker (0/22) ...
Building: Generating static pages using 1 worker (5/22)
Building: Generating static pages using 1 worker (10/22)
Building: Generating static pages using 1 worker (16/22)
Building: ✓ Generating static pages using 1 worker (22/22) in 398.8ms
Building: Finalizing page optimization ...
Building: Route (app)
Building: ┌ ○ /
Building: ├ ○ /_not-found
Building: ├ ○ /admin/dashboard
Building: ├ ƒ /api/[[...route]]
Building: ├ ƒ /api/admin/import-bigbasket
Building: ├ ƒ /api/upload
Building: ├ ƒ /api/users/[id]
Building: ├ ○ /cart
Building: ├ ○ /login
Building: ├ ○ /orders
Building: ├ ○ /parking
Building: ├ ○ /parking/admin/dashboard
Building: ├ ○ /parking/admin/profile
Building: ├ ○ /parking/profile
Building: ├ ○ /parking/transactions
Building: ├ ○ /profile
Building: ├ ○ /signup
Building: ├ ○ /train
Building: ├ ○ /train/between
Building: ├ ○ /train/pnr
Building: ├ ○ /train/station
Building: └ ○ /train/status
Building: ○  (Static)   prerendered as static content
Building: ƒ  (Dynamic)  server-rendered on demand
Building: Traced Next.js server files in: 61.305ms
Building: Created all serverless functions in: 195.397ms
Building: Collected static files (public/, static/, .next/static): 6.258ms
Building: Build Completed in /vercel/output [26s]
Building: Deploying outputs...
[2K[1A[2K[GProduction: https://demo-front-back-ase7yodap-deepaks-projects-5cd15ffe.vercel.app [42s]
Completing...
Aliased: https://demo-front-back.vercel.app [42s]
