Vercel CLI 50.19.1
Retrieving project…
Deploying deepaks-projects-5cd15ffe/demo-front-back
Uploading [--------------------] (0.0B/81KB)
Uploading [=====---------------] (23.0KB/81KB)
Uploading [============--------] (48.9KB/81KB)
Uploading [================----] (65.8KB/81KB)
Uploading [====================] (81.0KB/81KB)
Inspect: https://vercel.com/deepaks-projects-5cd15ffe/demo-front-back/6ZEa8LhvYpSaJ42wXPVdat1ruhdQ [4s]
Production: https://demo-front-back-b67y2u4nk-deepaks-projects-5cd15ffe.vercel.app [4s]
https://demo-front-back-b67y2u4nk-deepaks-projects-5cd15ffe.vercel.appBuilding...
Building...
Building: Running build in Portland, USA (West) – pdx1
Building: Build machine configuration: 2 cores, 8 GB
Building: Retrieving list of deployment files...
Building: Downloading 101 deployment files...
Building: Restored build cache from previous deployment (2zhhAN4nYENwyaacfznQBBcZCuuu)
Building: Running "vercel build"
Building: Vercel CLI 50.22.0
Building: Installing dependencies...
Building: up to date in 1s
Building: 151 packages are looking for funding
Building: run `npm fund` for details
Building: Detected Next.js version: 16.1.6
Building: Running "npm run build"
Building: > demo-front-back@0.1.0 build
Building: > next build
Building: ▲ Next.js 16.1.6 (Turbopack)
Building: - Environments: .env
Building: Creating an optimized production build ...
Building: ✓ Compiled successfully in 13.4s
Building: Running TypeScript ...
Building: Collecting page data using 1 worker ...
Building: Generating static pages using 1 worker (0/22) ...
Building: Generating static pages using 1 worker (5/22)
Building: Generating static pages using 1 worker (10/22)
Building: Generating static pages using 1 worker (16/22)
Building: ✓ Generating static pages using 1 worker (22/22) in 382.9ms
Building: Finalizing page optimization ...
Building: Route (app)
Building: ┌ ○ /
Building: ├ ○ /_not-found
Building: ├ ○ /admin/dashboard
Building: ├ ƒ /api/[[...route]]
Building: ├ ƒ /api/admin/import-bigbasket
Building: ├ ƒ /api/upload
Building: ├ ƒ /api/users/[id]
Building: ├ ○ /cart
Building: ├ ○ /login
Building: ├ ○ /orders
Building: ├ ○ /parking
Building: ├ ○ /parking/admin/dashboard
Building: ├ ○ /parking/admin/profile
Building: ├ ○ /parking/profile
Building: ├ ○ /parking/transactions
Building: ├ ○ /profile
Building: ├ ○ /signup
Building: ├ ○ /train
Building: ├ ○ /train/between
Building: ├ ○ /train/pnr
Building: ├ ○ /train/station
Building: └ ○ /train/status
Building: ○  (Static)   prerendered as static content
Building: ƒ  (Dynamic)  server-rendered on demand
Building: Traced Next.js server files in: 31.634ms
Building: Created all serverless functions in: 194.614ms
Building: Collected static files (public/, static/, .next/static): 10.433ms
Building: Build Completed in /vercel/output [27s]
Building: Deploying outputs...
[2K[1A[2K[GProduction: https://demo-front-back-b67y2u4nk-deepaks-projects-5cd15ffe.vercel.app [43s]
Completing...
Aliased: https://demo-front-back.vercel.app [48s]
